  app.c
C:\Users\Mark\Desktop\FWD-PAYMENT-APP-ES\FWD-PAYMENT-APP-ES\Application\app.c(90,9): error C4996: 'scanf': This function or variable may be unsafe. Consider using scanf_s instead. To disable deprecation, use _CRT_SECURE_NO_WARNINGS. See online help for details.
  card.c
C:\Users\Mark\Desktop\FWD-PAYMENT-APP-ES\FWD-PAYMENT-APP-ES\Card\card.c(20,5): warning C4013: 'gets' undefined; assuming extern returning int
C:\Users\Mark\Desktop\FWD-PAYMENT-APP-ES\FWD-PAYMENT-APP-ES\Card\card.c(33,9): error C4996: 'strcpy': This function or variable may be unsafe. Consider using strcpy_s instead. To disable deprecation, use _CRT_SECURE_NO_WARNINGS. See online help for details.
C:\Users\Mark\Desktop\FWD-PAYMENT-APP-ES\FWD-PAYMENT-APP-ES\Card\card.c(54,9): error C4996: 'strcpy': This function or variable may be unsafe. Consider using strcpy_s instead. To disable deprecation, use _CRT_SECURE_NO_WARNINGS. See online help for details.
C:\Users\Mark\Desktop\FWD-PAYMENT-APP-ES\FWD-PAYMENT-APP-ES\Card\card.c(82,9): error C4996: 'strcpy': This function or variable may be unsafe. Consider using strcpy_s instead. To disable deprecation, use _CRT_SECURE_NO_WARNINGS. See online help for details.
  main.c
  server.c
C:\Users\Mark\Desktop\FWD-PAYMENT-APP-ES\FWD-PAYMENT-APP-ES\Server\server.c(46,38): warning C4047: 'function': 'ST_transaction_t *' differs in levels of indirection from 'ST_transaction_t **'
C:\Users\Mark\Desktop\FWD-PAYMENT-APP-ES\FWD-PAYMENT-APP-ES\Server\server.c(46,28): warning C4024: 'saveTransaction': different types for formal and actual parameter 1
C:\Users\Mark\Desktop\FWD-PAYMENT-APP-ES\FWD-PAYMENT-APP-ES\Server\server.c(106,9): error C4996: 'strcpy': This function or variable may be unsafe. Consider using strcpy_s instead. To disable deprecation, use _CRT_SECURE_NO_WARNINGS. See online help for details.
C:\Users\Mark\Desktop\FWD-PAYMENT-APP-ES\FWD-PAYMENT-APP-ES\Server\server.c(107,6): error C4996: 'strcpy': This function or variable may be unsafe. Consider using strcpy_s instead. To disable deprecation, use _CRT_SECURE_NO_WARNINGS. See online help for details.
C:\Users\Mark\Desktop\FWD-PAYMENT-APP-ES\FWD-PAYMENT-APP-ES\Server\server.c(108,6): error C4996: 'strcpy': This function or variable may be unsafe. Consider using strcpy_s instead. To disable deprecation, use _CRT_SECURE_NO_WARNINGS. See online help for details.
C:\Users\Mark\Desktop\FWD-PAYMENT-APP-ES\FWD-PAYMENT-APP-ES\Server\server.c(109,6): error C4996: 'strcpy': This function or variable may be unsafe. Consider using strcpy_s instead. To disable deprecation, use _CRT_SECURE_NO_WARNINGS. See online help for details.
  terminal.c
C:\Users\Mark\Desktop\FWD-PAYMENT-APP-ES\FWD-PAYMENT-APP-ES\Terminal\terminal.c(21,5): warning C4013: 'gets' undefined; assuming extern returning int
C:\Users\Mark\Desktop\FWD-PAYMENT-APP-ES\FWD-PAYMENT-APP-ES\Terminal\terminal.c(28,13): error C4996: 'strcpy': This function or variable may be unsafe. Consider using strcpy_s instead. To disable deprecation, use _CRT_SECURE_NO_WARNINGS. See online help for details.
C:\Users\Mark\Desktop\FWD-PAYMENT-APP-ES\FWD-PAYMENT-APP-ES\Terminal\terminal.c(95,5): error C4996: 'scanf': This function or variable may be unsafe. Consider using scanf_s instead. To disable deprecation, use _CRT_SECURE_NO_WARNINGS. See online help for details.
C:\Users\Mark\Desktop\FWD-PAYMENT-APP-ES\FWD-PAYMENT-APP-ES\Terminal\terminal.c(135,5): error C4996: 'scanf': This function or variable may be unsafe. Consider using scanf_s instead. To disable deprecation, use _CRT_SECURE_NO_WARNINGS. See online help for details.
  Generating Code...
